<?xml version="1.0" encoding="UTF-8"?>
<!-- Generated by org.testng.reporters.JUnitReportReporter -->
<testsuite hostname="LAPTOP-KRNDV7TL" name="practice.Limeroad" tests="28" failures="0" timestamp="30 May 2020 15:04:04 GMT" time="293.757" errors="1">
  <testcase name="searchproduct" time="1.333" classname="practice.Limeroad"/>
  <testcase name="menupage" time="12.898" classname="practice.Limeroad"/>
  <testcase name="addtocart" time="13.229" classname="practice.Limeroad">
    <error type="org.openqa.selenium.NoSuchElementException" message="no such element: Unable to locate element: {&quot;method&quot;:&quot;xpath&quot;,&quot;selector&quot;:&quot;//h1[text()=&#039;digital print kids alphabets 1 window curtain&#039;]&quot;}
  (Session info: chrome=81.0.4044.138)
  (Driver info: operadriver=81.0.4044.113 (e3225dafb0475864a1812a374d73a92e391635ac-refs/branch-heads/4044@{#936}),platform=Windows NT 10.0.18362 x86_64) (WARNING: The server did not provide any stacktrace information)
Command duration or timeout: 0 milliseconds
For documentation on this error, please visit: https://www.seleniumhq.org/exceptions/no_such_element.html
Build info: version: &#039;4.0.0-alpha-1&#039;, revision: &#039;d1d3728cae&#039;, time: &#039;2019-04-24T13:42:21&#039;
System info: host: &#039;LAPTOP-KRNDV7TL&#039;, ip: &#039;192.168.43.27&#039;, os.name: &#039;Windows 10&#039;, os.arch: &#039;amd64&#039;, os.version: &#039;10.0&#039;, java.version: &#039;1.8.0_221&#039;
Driver info: org.openqa.selenium.opera.OperaDriver
Capabilities {acceptInsecureCerts: false, acceptSslCerts: false, applicationCacheEnabled: false, browserConnectionEnabled: false, browserName: opera, cssSelectorsEnabled: true, databaseEnabled: false, goog:chromeOptions: {debuggerAddress: localhost:53740}, handlesAlerts: true, hasTouchScreen: false, javascriptEnabled: true, locationContextEnabled: true, mobileEmulationEnabled: false, nativeEvents: true, networkConnectionEnabled: false, opera: {operadriverVersion: 81.0.4044.113 (e3225dafb047..., userDataDir: C:\Users\91984\AppData\Loca...}, pageLoadStrategy: normal, platform: WINDOWS, platformName: WINDOWS, proxy: Proxy(), rotatable: false, setWindowRect: true, strictFileInteractability: false, takesHeapSnapshot: true, takesScreenshot: true, timeouts: {implicit: 0, pageLoad: 300000, script: 30000}, unexpectedAlertBehaviour: ignore, unhandledPromptBehavior: ignore, version: 81.0.4044.138, webStorageEnabled: true, webauthn:virtualAuthenticators: true}
Session ID: 76749bfa8df4e2a2792fed2aed5d54e6
*** Element info: {Using=xpath, value=//h1[text()=&#039;digital print kids alphabets 1 window curtain&#039;]}">
      <![CDATA[org.openqa.selenium.NoSuchElementException: no such element: Unable to locate element: {"method":"xpath","selector":"//h1[text()='digital print kids alphabets 1 window curtain']"}
  (Session info: chrome=81.0.4044.138)
  (Driver info: operadriver=81.0.4044.113 (e3225dafb0475864a1812a374d73a92e391635ac-refs/branch-heads/4044@{#936}),platform=Windows NT 10.0.18362 x86_64) (WARNING: The server did not provide any stacktrace information)
Command duration or timeout: 0 milliseconds
For documentation on this error, please visit: https://www.seleniumhq.org/exceptions/no_such_element.html
Build info: version: '4.0.0-alpha-1', revision: 'd1d3728cae', time: '2019-04-24T13:42:21'
System info: host: 'LAPTOP-KRNDV7TL', ip: '192.168.43.27', os.name: 'Windows 10', os.arch: 'amd64', os.version: '10.0', java.version: '1.8.0_221'
Driver info: org.openqa.selenium.opera.OperaDriver
Capabilities {acceptInsecureCerts: false, acceptSslCerts: false, applicationCacheEnabled: false, browserConnectionEnabled: false, browserName: opera, cssSelectorsEnabled: true, databaseEnabled: false, goog:chromeOptions: {debuggerAddress: localhost:53740}, handlesAlerts: true, hasTouchScreen: false, javascriptEnabled: true, locationContextEnabled: true, mobileEmulationEnabled: false, nativeEvents: true, networkConnectionEnabled: false, opera: {operadriverVersion: 81.0.4044.113 (e3225dafb047..., userDataDir: C:\Users\91984\AppData\Loca...}, pageLoadStrategy: normal, platform: WINDOWS, platformName: WINDOWS, proxy: Proxy(), rotatable: false, setWindowRect: true, strictFileInteractability: false, takesHeapSnapshot: true, takesScreenshot: true, timeouts: {implicit: 0, pageLoad: 300000, script: 30000}, unexpectedAlertBehaviour: ignore, unhandledPromptBehavior: ignore, version: 81.0.4044.138, webStorageEnabled: true, webauthn:virtualAuthenticators: true}
Session ID: 76749bfa8df4e2a2792fed2aed5d54e6
*** Element info: {Using=xpath, value=//h1[text()='digital print kids alphabets 1 window curtain']}
	at sun.reflect.NativeConstructorAccessorImpl.newInstance0(Native Method)
	at sun.reflect.NativeConstructorAccessorImpl.newInstance(Unknown Source)
	at sun.reflect.DelegatingConstructorAccessorImpl.newInstance(Unknown Source)
	at java.lang.reflect.Constructor.newInstance(Unknown Source)
	at org.openqa.selenium.remote.ErrorHandler.createThrowable(ErrorHandler.java:214)
	at org.openqa.selenium.remote.ErrorHandler.throwIfResponseFailed(ErrorHandler.java:166)
	at org.openqa.selenium.remote.codec.jwp.JsonHttpResponseCodec.reconstructValue(JsonHttpResponseCodec.java:41)
	at org.openqa.selenium.remote.codec.AbstractHttpResponseCodec.decode(AbstractHttpResponseCodec.java:81)
	at org.openqa.selenium.remote.codec.AbstractHttpResponseCodec.decode(AbstractHttpResponseCodec.java:45)
	at org.openqa.selenium.remote.HttpCommandExecutor.execute(HttpCommandExecutor.java:161)
	at org.openqa.selenium.remote.service.DriverCommandExecutor.execute(DriverCommandExecutor.java:83)
	at org.openqa.selenium.remote.RemoteWebDriver.execute(RemoteWebDriver.java:577)
	at org.openqa.selenium.remote.RemoteWebDriver.findElement(RemoteWebDriver.java:328)
	at org.openqa.selenium.remote.RemoteWebDriver.findElementByXPath(RemoteWebDriver.java:446)
	at org.openqa.selenium.By$ByXPath.findElement(By.java:353)
	at org.openqa.selenium.remote.RemoteWebDriver.findElement(RemoteWebDriver.java:320)
	at practice.Limeroad.addtocart(Limeroad.java:158)
	at sun.reflect.NativeMethodAccessorImpl.invoke0(Native Method)
	at sun.reflect.NativeMethodAccessorImpl.invoke(Unknown Source)
	at sun.reflect.DelegatingMethodAccessorImpl.invoke(Unknown Source)
	at java.lang.reflect.Method.invoke(Unknown Source)
	at org.testng.internal.MethodInvocationHelper.invokeMethod(MethodInvocationHelper.java:100)
	at org.testng.internal.Invoker.invokeMethod(Invoker.java:646)
	at org.testng.internal.Invoker.invokeTestMethod(Invoker.java:811)
	at org.testng.internal.Invoker.invokeTestMethods(Invoker.java:1129)
	at org.testng.internal.TestMethodWorker.invokeTestMethods(TestMethodWorker.java:129)
	at org.testng.internal.TestMethodWorker.run(TestMethodWorker.java:112)
	at org.testng.TestRunner.privateRun(TestRunner.java:746)
	at org.testng.TestRunner.run(TestRunner.java:600)
	at org.testng.SuiteRunner.runTest(SuiteRunner.java:366)
	at org.testng.SuiteRunner.runSequentially(SuiteRunner.java:361)
	at org.testng.SuiteRunner.privateRun(SuiteRunner.java:319)
	at org.testng.SuiteRunner.run(SuiteRunner.java:268)
	at org.testng.SuiteRunnerWorker.runSuite(SuiteRunnerWorker.java:52)
	at org.testng.SuiteRunnerWorker.run(SuiteRunnerWorker.java:86)
	at org.testng.TestNG.runSuitesSequentially(TestNG.java:1264)
	at org.testng.TestNG.runSuitesLocally(TestNG.java:1189)
	at org.testng.TestNG.runSuites(TestNG.java:1104)
	at org.testng.TestNG.run(TestNG.java:1076)
	at org.testng.remote.AbstractRemoteTestNG.run(AbstractRemoteTestNG.java:126)
	at org.testng.remote.RemoteTestNG.initAndRun(RemoteTestNG.java:152)
	at org.testng.remote.RemoteTestNG.main(RemoteTestNG.java:57)
]]>
    </error>
  </testcase> <!-- addtocart -->
  <testcase name="signin" time="26.938" classname="practice.Limeroad"/>
  <testcase name="searchproduct" time="1.405" classname="practice.Limeroad"/>
  <testcase name="searchproduct" time="1.339" classname="practice.Limeroad"/>
  <testcase name="searchproduct" time="1.550" classname="practice.Limeroad"/>
  <testcase name="selectlanguage" time="4.789" classname="practice.Limeroad"/>
  <testcase name="selectwomen" time="0.527" classname="practice.Limeroad"/>
  <testcase name="searchproduct" time="1.392" classname="practice.Limeroad"/>
  <testcase name="searchproduct" time="1.276" classname="practice.Limeroad"/>
  <testcase name="searchproduct" time="1.214" classname="practice.Limeroad"/>
  <testcase name="searchproduct" time="1.548" classname="practice.Limeroad"/>
  <testcase name="searchproduct" time="1.779" classname="practice.Limeroad"/>
  <testcase name="searchproduct" time="1.414" classname="practice.Limeroad"/>
  <testcase name="searchproduct" time="1.371" classname="practice.Limeroad"/>
  <testcase name="searchproduct" time="1.607" classname="practice.Limeroad"/>
  <testcase name="searchproduct" time="1.788" classname="practice.Limeroad"/>
  <testcase name="searchproduct" time="1.772" classname="practice.Limeroad"/>
  <testcase name="launch" time="191.968" classname="practice.Limeroad"/>
  <testcase name="searchproduct" time="1.448" classname="practice.Limeroad"/>
  <testcase name="searchproduct" time="1.621" classname="practice.Limeroad"/>
  <testcase name="searchproduct" time="1.455" classname="practice.Limeroad"/>
  <testcase name="smartwatches" time="10.329" classname="practice.Limeroad"/>
  <testcase name="searchproduct" time="1.462" classname="practice.Limeroad"/>
  <testcase name="pagetitleurl" time="3.257" classname="practice.Limeroad"/>
  <testcase name="searchproduct" time="1.508" classname="practice.Limeroad"/>
  <testcase name="searchproduct" time="1.540" classname="practice.Limeroad"/>
</testsuite> <!-- practice.Limeroad -->
